 *** 勤務表チェックシステム *** 

[チェック結果]
―――――――――――――――――――――――――――――――――――
|201608sac10323|
  チェック結果：OK
―――――――――――――――――――――――――――――――――――
|201511通勤費請求書10323|
  チェック結果：NG
  エラー個数：1
・チェック非対応のファイルです。
―――――――――――――――――――――――――――――――――――
|201609sac10323|
  チェック結果：OK
―――――――――――――――――――――――――――――――――――
|201610交通費請求明細書10323|
  チェック結果：NG
  エラー個数：8
・所属が未入力
・氏名が未入力
・2日の業務欄が未入力
・2日の行先欄が未入力
・2日の乗物欄が未入力
  and more... 
―――――――――――――――――――――――――――――――――――
|test|
  チェック結果：NG
  エラー個数：1
・ファイルが存在しません。
―――――――――――――――――――――――――――――――――――


 *** 終了 *** 

